app/androidF/application/build/outputs/logs/manifest-merger-release-report.txt
-- Merging decision tree log ---
manifest
ADDED from src/main/AndroidManifest.xml:2:1-149:12
INJECTED from src/main/AndroidManifest.xml:2:1-149:12
INJECTED from src/main/AndroidManifest.xml:2:1-149:12
INJECTED from src/main/AndroidManifest.xml:2:1-149:12
MERGED from [com.scwang.smartrefresh:SmartRefreshLayout:1.0.5.1] AndroidManifest.xml:2:1-17:12
MERGED from [com.scwang.smartrefresh:SmartRefreshHeader:1.0.5.1] AndroidManifest.xml:2:1-17:12
MERGED from [cn.smssdk:SMSSDK:3.3.2] AndroidManifest.xml:2:1-11:12
MERGED from [cn.smssdk:ShortMessageSDKGUI:3.3.2] AndroidManifest.xml:2:1-16:12
MERGED from [me.jessyan:arms:2.5.0] AndroidManifest.xml:2:1-11:12
MERGED from [:viewlib] AndroidManifest.xml:2:1-11:12
MERGED from [me.jessyan:arms-imageloader-glide:2.5.0] AndroidManifest.xml:2:1-11:12
MERGED from [com.android.support:multidex:1.0.2] AndroidManifest.xml:17:1-22:12
MERGED from [me.jessyan:autosize:1.1.1] AndroidManifest.xml:2:1-19:12
MERGED from [org.simple:androideventbus:1.0.5.1] AndroidManifest.xml:2:1-11:12
MERGED from [:utilslib] AndroidManifest.xml:2:1-76:12
MERGED from [com.jaeger.statusbarutil:library:1.5.1] AndroidManifest.xml:2:1-13:12
MERGED from [com.github.yalantis:ucrop:2.2.2-native] AndroidManifest.xml:2:1-11:12
MERGED from [com.zhihu.android:matisse:0.4.3] AndroidManifest.xml:17:1-33:12
MERGED from [com.airbnb.android:lottie:2.5.4] AndroidManifest.xml:2:1-13:12
MERGED from [com.github.hackware1993:MagicIndicator:1.5.0] AndroidManifest.xml:2:1-12:12
MERGED from [com.android.support:design:27.1.0] AndroidManifest.xml:17:1-22:12
MERGED from [com.android.support:appcompat-v7:28.0.0] AndroidManifest.xml:17:1-22:12
MERGED from [de.hdodenhof:circleimageview:2.2.0] AndroidManifest.xml:2:1-11:12
MERGED from [com.loopeer.lib:shadow:0.0.4-beta3] AndroidManifest.xml:2:1-11:12
MERGED from [com.github.GrenderG:Toasty:1.3.0] AndroidManifest.xml:2:1-11:12
MERGED from [com.github.CymChad:BaseRecyclerViewAdapterHelper:2.9.30] AndroidManifest.xml:2:1-11:12
MERGED from [jp.wasabeef:glide-transformations:4.0.1] AndroidManifest.xml:2:1-9:12
MERGED from [top.zibin:Luban:1.1.8] AndroidManifest.xml:2:1-11:12
MERGED from [com.android.support:cardview-v7:28.0.0] AndroidManifest.xml:17:1-22:12
MERGED from [com.github.chrisbanes.photoview:library:1.2.3] AndroidManifest.xml:1:92-6:12
MERGED from [com.tencent.bugly:crashreport:2.8.6] AndroidManifest.xml:2:1-9:12
MERGED from [com.tencent.bugly:nativecrashreport:3.6.0.1] AndroidManifest.xml:2:1-9:12
MERGED from [com.github.ittianyu:BottomNavigationViewEx:1.2.4] AndroidManifest.xml:2:1-14:12
MERGED from [com.github.anzaizai:EasySwipeMenuLayout:1.1.2] AndroidManifest.xml:2:1-17:12
MERGED from [com.bigkoo:svprogresshud:1.0.6] AndroidManifest.xml:2:1-11:12
MERGED from [me.imid.swipebacklayout.lib:library:1.1.0] AndroidManifest.xml:2:1-15:12
MERGED from [me.jessyan:retrofit-url-manager:1.4.0] AndroidManifest.xml:2:1-11:12
MERGED from [me.jessyan:progressmanager:1.5.0] AndroidManifest.xml:2:1-11:12
MERGED from [cn.bingoogolapple:bga-banner:2.2.6] AndroidManifest.xml:2:1-9:12
MERGED from [com.squareup.leakcanary:leakcanary-android-no-op:1.5.4] AndroidManifest.xml:17:1-22:12
MERGED from [com.android.support:support-v4:28.0.0] AndroidManifest.xml:17:1-22:12
MERGED from [com.android.support:recyclerview-v7:28.0.0] AndroidManifest.xml:17:1-22:12
MERGED from [com.github.tbruyelle:rxpermissions:0.10.2] AndroidManifest.xml:2:1-11:12
MERGED from [com.github.bumptech.glide:glide:4.8.0] AndroidManifest.xml:2:1-12:12
MERGED from [com.android.support:support-fragment:28.0.0] AndroidManifest.xml:17:1-22:12
MERGED from [com.android.support:animated-vector-drawable:28.0.0] AndroidManifest.xml:17:1-22:12
MERGED from [com.android.support:support-core-ui:28.0.0] AndroidManifest.xml:17:1-22:12
MERGED from [com.android.support:support-core-utils:28.0.0] AndroidManifest.xml:17:1-22:12
MERGED from [com.android.support:support-vector-drawable:28.0.0] AndroidManifest.xml:17:1-22:12
MERGED from [com.android.support:support-media-compat:28.0.0] AndroidManifest.xml:17:1-22:12
MERGED from [com.android.support:loader:28.0.0] AndroidManifest.xml:17:1-22:12
MERGED from [com.android.support:transition:27.1.0] AndroidManifest.xml:17:1-22:12
MERGED from [com.android.support:viewpager:28.0.0] AndroidManifest.xml:17:1-22:12
MERGED from [com.android.support:coordinatorlayout:28.0.0] AndroidManifest.xml:17:1-22:12
MERGED from [com.android.support:drawerlayout:28.0.0] AndroidManifest.xml:17:1-22:12
MERGED from [com.android.support:slidingpanelayout:28.0.0] AndroidManifest.xml:17:1-22:12
MERGED from [com.android.support:customview:28.0.0] AndroidManifest.xml:17:1-22:12
MERGED from [com.android.support:swiperefreshlayout:28.0.0] AndroidManifest.xml:17:1-22:12
MERGED from [com.android.support:asynclayoutinflater:28.0.0] AndroidManifest.xml:17:1-22:12
MERGED from [com.android.support:support-compat:28.0.0] AndroidManifest.xml:17:1-24:12
MERGED from [com.android.support:versionedparcelable:28.0.0] AndroidManifest.xml:17:1-25:12
MERGED from [com.android.support:cursoradapter:28.0.0] AndroidManifest.xml:17:1-22:12
MERGED from [com.github.bumptech.glide:gifdecoder:4.8.0] AndroidManifest.xml:2:1-11:12
MERGED from [android.arch.lifecycle:runtime:1.1.1] AndroidManifest.xml:17:1-22:12
MERGED from [com.android.support:documentfile:28.0.0] AndroidManifest.xml:17:1-22:12
MERGED from [com.android.support:localbroadcastmanager:28.0.0] AndroidManifest.xml:17:1-22:12
MERGED from [com.android.support:print:28.0.0] AndroidManifest.xml:17:1-22:12
MERGED from [android.arch.lifecycle:viewmodel:1.1.1] AndroidManifest.xml:17:1-22:12
MERGED from [com.android.support:interpolator:28.0.0] AndroidManifest.xml:17:1-22:12
MERGED from [android.arch.lifecycle:livedata:1.1.1] AndroidManifest.xml:17:1-22:12
MERGED from [android.arch.lifecycle:livedata-core:1.1.1] AndroidManifest.xml:17:1-22:12
MERGED from [android.arch.core:runtime:1.1.1] AndroidManifest.xml:17:1-22:12
MERGED from [com.jakewharton:butterknife:8.8.1] AndroidManifest.xml:2:1-7:12
MERGED from [io.reactivex.rxjava2:rxandroid:2.1.0] AndroidManifest.xml:15:1-20:12
MERGED from [com.trello.rxlifecycle2:rxlifecycle-android:2.2.2] AndroidManifest.xml:13:1-18:12
MERGED from [me.jessyan:rxerrorhandler:2.1.1] AndroidManifest.xml:2:1-11:12
MERGED from [com.jakewharton.timber:timber:4.7.1] AndroidManifest.xml:2:1-9:12
MERGED from [it.sephiroth.android.library.imagezoom:library:1.0.4] AndroidManifest.xml:1:106-7:12
MERGED from [com.tencent.qcloud:mtaUtils:5.4.16] AndroidManifest.xml:2:1-21:12
MERGED from [com.tencent.qcloud:logUtils:5.4.16] AndroidManifest.xml:2:1-18:12
MERGED from [pl.droidsonroids.gif:android-gif-drawable:1.2.16] AndroidManifest.xml:2:1-10:12
MERGED from [com.youth.banner:banner:1.4.10] AndroidManifest.xml:2:1-11:12
MERGED from [com.wang.avi:library:2.1.3] AndroidManifest.xml:2:1-11:12
MERGED from [it.sephiroth.android.library.easing:library:1.0.2] AndroidManifest.xml:1:116-8:12
MERGED from [com.qq.mta:mta:3.4.7-release] AndroidManifest.xml:2:1-38:12
MERGED from [com.tencent.mid:mid:4.06-Release] AndroidManifest.xml:2:1-19:12
INJECTED from src/main/AndroidManifest.xml:2:1-149:12
INJECTED from src/main/AndroidManifest.xml:2:1-149:12
INJECTED from src/main/AndroidManifest.xml:2:1-149:12
	package
		ADDED from src/main/AndroidManifest.xml:4:11-47
		INJECTED from src/main/AndroidManifest.xml
		INJECTED from src/main/AndroidManifest.xml
	android:versionName
		INJECTED from src/main/AndroidManifest.xml
		ADDED from src/main/AndroidManifest.xml:2:1-149:12
		INJECTED from src/main/AndroidManifest.xml
	xmlns:tools
		ADDED from src/main/AndroidManifest.xml:3:11-57
	android:versionCode
		INJECTED from src/main/AndroidManifest.xml
		ADDED from src/main/AndroidManifest.xml:2:1-149:12
		INJECTED from src/main/AndroidManifest.xml
	xmlns:android
		ADDED from src/main/AndroidManifest.xml:2:11-69
uses-permission#android.permission.INTERNET
ADDED from src/main/AndroidManifest.xml:6:5-66
MERGED from [:utilslib] AndroidManifest.xml:25:5-67
MERGED from [:utilslib] AndroidManifest.xml:25:5-67
MERGED from [:utilslib] AndroidManifest.xml:28:5-67
MERGED from [:utilslib] AndroidManifest.xml:28:5-67
MERGED from [com.qq.mta:mta:3.4.7-release] AndroidManifest.xml:12:5-67
MERGED from [com.qq.mta:mta:3.4.7-release] AndroidManifest.xml:12:5-67
	android:name
		ADDED from src/main/AndroidManifest.xml:6:22-64
uses-permission#android.permission.WRITE_EXTERNAL_STORAGE
ADDED from src/main/AndroidManifest.xml:7:5-80
MERGED from [:utilslib] AndroidManifest.xml:23:5-81
MERGED from [:utilslib] AndroidManifest.xml:23:5-81
MERGED from [:utilslib] AndroidManifest.xml:34:5-81
MERGED from [:utilslib] AndroidManifest.xml:34:5-81
MERGED from [com.zhihu.android:matisse:0.4.3] AndroidManifest.xml:24:5-81
MERGED from [com.zhihu.android:matisse:0.4.3] AndroidManifest.xml:24:5-81
MERGED from [com.tencent.qcloud:logUtils:5.4.16] AndroidManifest.xml:12:5-81
MERGED from [com.tencent.qcloud:logUtils:5.4.16] AndroidManifest.xml:12:5-81
MERGED from [com.qq.mta:mta:3.4.7-release] AndroidManifest.xml:16:5-81
MERGED from [com.qq.mta:mta:3.4.7-release] AndroidManifest.xml:16:5-81
	android:name
		ADDED from src/main/AndroidManifest.xml:7:22-78
uses-permission#android.permission.READ_EXTERNAL_STORAGE
ADDED from src/main/AndroidManifest.xml:8:5-79
MERGED from [com.zhihu.android:matisse:0.4.3] AndroidManifest.xml:25:5-80
MERGED from [com.zhihu.android:matisse:0.4.3] AndroidManifest.xml:25:5-80
MERGED from [com.tencent.qcloud:logUtils:5.4.16] AndroidManifest.xml:11:5-80
MERGED from [com.tencent.qcloud:logUtils:5.4.16] AndroidManifest.xml:11:5-80
	android:name
		ADDED from src/main/AndroidManifest.xml:8:22-77
uses-permission#android.permission.ACCESS_NETWORK_STATE
ADDED from src/main/AndroidManifest.xml:9:5-78
MERGED from [:utilslib] AndroidManifest.xml:17:5-79
MERGED from [:utilslib] AndroidManifest.xml:17:5-79
MERGED from [:utilslib] AndroidManifest.xml:29:5-79
MERGED from [:utilslib] AndroidManifest.xml:29:5-79
MERGED from [com.qq.mta:mta:3.4.7-release] AndroidManifest.xml:13:5-79
MERGED from [com.qq.mta:mta:3.4.7-release] AndroidManifest.xml:13:5-79
	android:name
		ADDED from src/main/AndroidManifest.xml:9:22-76
uses-permission#android.permission.ACCESS_WIFI_STATE
ADDED from src/main/AndroidManifest.xml:10:5-75
MERGED from [:utilslib] AndroidManifest.xml:15:5-76
MERGED from [:utilslib] AndroidManifest.xml:15:5-76
MERGED from [:utilslib] AndroidManifest.xml:30:5-76
MERGED from [:utilslib] AndroidManifest.xml:30:5-76
MERGED from [com.qq.mta:mta:3.4.7-release] AndroidManifest.xml:14:5-76
MERGED from [com.qq.mta:mta:3.4.7-release] AndroidManifest.xml:14:5-76
	android:name
		ADDED from src/main/AndroidManifest.xml:10:22-73
uses-permission#android.permission.CHANGE_WIFI_STATE
ADDED from src/main/AndroidManifest.xml:11:5-75
MERGED from [:utilslib] AndroidManifest.xml:19:5-76
MERGED from [:utilslib] AndroidManifest.xml:19:5-76
	android:name
		ADDED from src/main/AndroidManifest.xml:11:22-73
uses-permission#android.permission.READ_PHONE_STATE
ADDED from src/main/AndroidManifest.xml:12:5-74
MERGED from [:utilslib] AndroidManifest.xml:21:5-75
MERGED from [:utilslib] AndroidManifest.xml:21:5-75
MERGED from [:utilslib] AndroidManifest.xml:31:5-75
MERGED from [:utilslib] AndroidManifest.xml:31:5-75
MERGED from [com.qq.mta:mta:3.4.7-release] AndroidManifest.xml:15:5-75
MERGED from [com.qq.mta:mta:3.4.7-release] AndroidManifest.xml:15:5-75
	android:name
		ADDED from src/main/AndroidManifest.xml:12:22-72
application
ADDED from src/main/AndroidManifest.xml:14:5-148:19
MERGED from [com.scwang.smartrefresh:SmartRefreshLayout:1.0.5.1] AndroidManifest.xml:11:5-15:19
MERGED from [com.scwang.smartrefresh:SmartRefreshLayout:1.0.5.1] AndroidManifest.xml:11:5-15:19
MERGED from [com.scwang.smartrefresh:SmartRefreshHeader:1.0.5.1] AndroidManifest.xml:11:5-15:19
MERGED from [com.scwang.smartrefresh:SmartRefreshHeader:1.0.5.1] AndroidManifest.xml:11:5-15:19
MERGED from [cn.smssdk:ShortMessageSDKGUI:3.3.2] AndroidManifest.xml:13:5-14:19
MERGED from [cn.smssdk:ShortMessageSDKGUI:3.3.2] AndroidManifest.xml:13:5-14:19
MERGED from [me.jessyan:autosize:1.1.1] AndroidManifest.xml:11:5-17:19
MERGED from [me.jessyan:autosize:1.1.1] AndroidManifest.xml:11:5-17:19
MERGED from [:utilslib] AndroidManifest.xml:38:5-74:19
MERGED from [:utilslib] AndroidManifest.xml:38:5-74:19
MERGED from [com.jaeger.statusbarutil:library:1.5.1] AndroidManifest.xml:11:5-20
MERGED from [com.jaeger.statusbarutil:library:1.5.1] AndroidManifest.xml:11:5-20
MERGED from [com.zhihu.android:matisse:0.4.3] AndroidManifest.xml:27:5-31:19
MERGED from [com.zhihu.android:matisse:0.4.3] AndroidManifest.xml:27:5-31:19
MERGED from [com.airbnb.android:lottie:2.5.4] AndroidManifest.xml:11:5-20
MERGED from [com.airbnb.android:lottie:2.5.4] AndroidManifest.xml:11:5-20
MERGED from [de.hdodenhof:circleimageview:2.2.0] AndroidManifest.xml:9:5-20
MERGED from [de.hdodenhof:circleimageview:2.2.0] AndroidManifest.xml:9:5-20
MERGED from [com.github.chrisbanes.photoview:library:1.2.3] AndroidManifest.xml:4:5-81
MERGED from [com.github.chrisbanes.photoview:library:1.2.3] AndroidManifest.xml:4:5-81
MERGED from [com.github.ittianyu:BottomNavigationViewEx:1.2.4] AndroidManifest.xml:11:5-12:19
MERGED from [com.github.ittianyu:BottomNavigationViewEx:1.2.4] AndroidManifest.xml:11:5-12:19
MERGED from [com.github.anzaizai:EasySwipeMenuLayout:1.1.2] AndroidManifest.xml:11:5-15:19
MERGED from [com.github.anzaizai:EasySwipeMenuLayout:1.1.2] AndroidManifest.xml:11:5-15:19
MERGED from [me.imid.swipebacklayout.lib:library:1.1.0] AndroidManifest.xml:13:5-20
MERGED from [me.imid.swipebacklayout.lib:library:1.1.0] AndroidManifest.xml:13:5-20
MERGED from [com.github.tbruyelle:rxpermissions:0.10.2] AndroidManifest.xml:9:5-20
MERGED from [com.github.tbruyelle:rxpermissions:0.10.2] AndroidManifest.xml:9:5-20
MERGED from [com.github.bumptech.glide:glide:4.8.0] AndroidManifest.xml:10:5-20
MERGED from [com.github.bumptech.glide:glide:4.8.0] AndroidManifest.xml:10:5-20
MERGED from [com.android.support:support-compat:28.0.0] AndroidManifest.xml:22:5-94
MERGED from [com.android.support:support-compat:28.0.0] AndroidManifest.xml:22:5-94
MERGED from [com.android.support:versionedparcelable:28.0.0] AndroidManifest.xml:22:5-23:19
MERGED from [com.android.support:versionedparcelable:28.0.0] AndroidManifest.xml:22:5-23:19
MERGED from [com.github.bumptech.glide:gifdecoder:4.8.0] AndroidManifest.xml:9:5-20
MERGED from [com.github.bumptech.glide:gifdecoder:4.8.0] AndroidManifest.xml:9:5-20
MERGED from [com.jakewharton.timber:timber:4.7.1] AndroidManifest.xml:7:5-20
MERGED from [com.jakewharton.timber:timber:4.7.1] AndroidManifest.xml:7:5-20
MERGED from [it.sephiroth.android.library.imagezoom:library:1.0.4] AndroidManifest.xml:5:5-19
MERGED from [it.sephiroth.android.library.imagezoom:library:1.0.4] AndroidManifest.xml:5:5-19
MERGED from [com.tencent.qcloud:mtaUtils:5.4.16] AndroidManifest.xml:12:5-19:19
MERGED from [com.tencent.qcloud:mtaUtils:5.4.16] AndroidManifest.xml:12:5-19:19
MERGED from [com.tencent.qcloud:logUtils:5.4.16] AndroidManifest.xml:14:5-16:19
MERGED from [com.tencent.qcloud:logUtils:5.4.16] AndroidManifest.xml:14:5-16:19
MERGED from [it.sephiroth.android.library.easing:library:1.0.2] AndroidManifest.xml:5:5-6:19
MERGED from [it.sephiroth.android.library.easing:library:1.0.2] AndroidManifest.xml:5:5-6:19
MERGED from [com.qq.mta:mta:3.4.7-release] AndroidManifest.xml:23:5-36:19
MERGED from [com.qq.mta:mta:3.4.7-release] AndroidManifest.xml:23:5-36:19
MERGED from [com.tencent.mid:mid:4.06-Release] AndroidManifest.xml:11:5-17:19
MERGED from [com.tencent.mid:mid:4.06-Release] AndroidManifest.xml:11:5-17:19
	android:appComponentFactory
		ADDED from [com.android.support:support-compat:28.0.0] AndroidManifest.xml:22:18-91
	android:supportsRtl
		ADDED from src/main/AndroidManifest.xml:19:13-39
	android:label
		ADDED from src/main/AndroidManifest.xml:18:13-45
	android:hardwareAccelerated
		ADDED from [com.github.chrisbanes.photoview:library:1.2.3] AndroidManifest.xml:4:45-79
	tools:ignore
		ADDED from src/main/AndroidManifest.xml:22:13-52
	android:icon
		ADDED from src/main/AndroidManifest.xml:17:13-47
	android:allowBackup
		ADDED from src/main/AndroidManifest.xml:16:13-39
	android:theme
		ADDED from src/main/AndroidManifest.xml:20:13-44
	android:usesCleartextTraffic
		ADDED from src/main/AndroidManifest.xml:21:13-48
	android:name
		ADDED from src/main/AndroidManifest.xml:15:13-59
uses-library#org.apache.http.legacy
ADDED from src/main/AndroidManifest.xml:24:9-26:43
	android:required
		ADDED from src/main/AndroidManifest.xml:26:17-41
	android:name
		ADDED from src/main/AndroidManifest.xml:25:17-54
activity#com.wy.adbook.mvp.view.activity.WelcomeActivity
ADDED from src/main/AndroidManifest.xml:28:9-36:20
	android:screenOrientation
		ADDED from src/main/AndroidManifest.xml:30:17-53
	android:name
		ADDED from src/main/AndroidManifest.xml:29:17-79
intent-filter#action:name:android.intent.action.MAIN+category:name:android.intent.category.LAUNCHER
ADDED from src/main/AndroidManifest.xml:31:13-35:29
action#android.intent.action.MAIN
ADDED from src/main/AndroidManifest.xml:32:17-68
	android:name
		ADDED from src/main/AndroidManifest.xml:32:25-66
category#android.intent.category.LAUNCHER
ADDED from src/main/AndroidManifest.xml:34:17-76
	android:name
		ADDED from src/main/AndroidManifest.xml:34:27-74
activity#com.wy.adbook.mvp.view.activity.GenderSelectActivity
ADDED from src/main/AndroidManifest.xml:38:9-40:55
	android:screenOrientation
		ADDED from src/main/AndroidManifest.xml:40:17-53
	android:name
		ADDED from src/main/AndroidManifest.xml:39:17-84
activity#com.wy.adbook.mvp.view.activity.MainActivity
ADDED from src/main/AndroidManifest.xml:42:9-45:50
	android:screenOrientation
		ADDED from src/main/AndroidManifest.xml:44:17-53
	android:launchMode
		ADDED from src/main/AndroidManifest.xml:45:17-48
	android:name
		ADDED from src/main/AndroidManifest.xml:43:17-76
activity#com.wy.adbook.mvp.view.activity.SearchActivity
ADDED from src/main/AndroidManifest.xml:47:9-50:50
	android:screenOrientation
		ADDED from src/main/AndroidManifest.xml:49:17-53
	android:launchMode
		ADDED from src/main/AndroidManifest.xml:50:17-48
	android:name
		ADDED from src/main/AndroidManifest.xml:48:17-78
activity#com.wy.adbook.mvp.view.activity.ClassificationActivity
ADDED from src/main/AndroidManifest.xml:52:9-54:55
	android:screenOrientation
		ADDED from src/main/AndroidManifest.xml:54:17-53
	android:name
		ADDED from src/main/AndroidManifest.xml:53:17-86
activity#com.wy.adbook.mvp.view.activity.ClassificationDetailActivity
ADDED from src/main/AndroidManifest.xml:56:9-58:55
	android:screenOrientation
		ADDED from src/main/AndroidManifest.xml:58:17-53
	android:name
		ADDED from src/main/AndroidManifest.xml:57:17-92
activity#com.wy.adbook.mvp.view.activity.MyWalletActivity
ADDED from src/main/AndroidManifest.xml:60:9-62:55
	android:screenOrientation
		ADDED from src/main/AndroidManifest.xml:62:17-53
	android:name
		ADDED from src/main/AndroidManifest.xml:61:17-80
activity#com.wy.adbook.mvp.view.activity.BookDetailActivity
ADDED from src/main/AndroidManifest.xml:64:9-67:19
	android:screenOrientation
		ADDED from src/main/AndroidManifest.xml:66:17-53
	android:name
		ADDED from src/main/AndroidManifest.xml:65:17-82
activity#com.wy.adbook.mvp.view.activity.ReadActivity
ADDED from src/main/AndroidManifest.xml:69:9-73:19
	android:screenOrientation
		ADDED from src/main/AndroidManifest.xml:71:17-53
	android:configChanges
		ADDED from src/main/AndroidManifest.xml:72:17-67
	android:name
		ADDED from src/main/AndroidManifest.xml:70:17-76
activity#com.wy.adbook.mvp.view.activity.LoginActivity
ADDED from src/main/AndroidManifest.xml:75:9-78:19
	android:screenOrientation
		ADDED from src/main/AndroidManifest.xml:77:17-53
	android:name
		ADDED from src/main/AndroidManifest.xml:76:17-77
activity#com.wy.adbook.mvp.view.activity.SignCalenderActivity
ADDED from src/main/AndroidManifest.xml:80:9-82:55
	android:screenOrientation
		ADDED from src/main/AndroidManifest.xml:82:17-53
	android:name
		ADDED from src/main/AndroidManifest.xml:81:17-84
activity#com.wy.adbook.wxapi.WXEntryActivity
ADDED from src/main/AndroidManifest.xml:84:9-89:80
	android:launchMode
		ADDED from src/main/AndroidManifest.xml:87:17-47
	android:exported
		ADDED from src/main/AndroidManifest.xml:86:17-40
	android:configChanges
		ADDED from src/main/AndroidManifest.xml:89:17-78
	android:theme
		ADDED from src/main/AndroidManifest.xml:88:17-76
	android:name
		ADDED from src/main/AndroidManifest.xml:85:17-67
activity#com.wy.adbook.mvp.view.activity.AdActivity
ADDED from src/main/AndroidManifest.xml:91:9-92:19
	android:name
		ADDED from src/main/AndroidManifest.xml:91:19-76
service#com.wy.adbook.service.DownloadService
ADDED from src/main/AndroidManifest.xml:94:9-96:19
	android:name
		ADDED from src/main/AndroidManifest.xml:94:18-70
activity#com.wy.adbook.mvp.view.activity.WithdrawalActivity
ADDED from src/main/AndroidManifest.xml:98:9-100:55
	android:screenOrientation
		ADDED from src/main/AndroidManifest.xml:100:17-53
	android:name
		ADDED from src/main/AndroidManifest.xml:99:17-82
activity#com.wy.adbook.mvp.view.activity.WithdrawalRecordActivity
ADDED from src/main/AndroidManifest.xml:102:9-104:55
	android:screenOrientation
		ADDED from src/main/AndroidManifest.xml:104:17-53
	android:name
		ADDED from src/main/AndroidManifest.xml:103:17-88
activity#com.wy.adbook.mvp.view.activity.RemoveAdSuccessActivity
ADDED from src/main/AndroidManifest.xml:106:9-108:55
	android:screenOrientation
		ADDED from src/main/AndroidManifest.xml:108:17-53
	android:name
		ADDED from src/main/AndroidManifest.xml:107:17-87
activity#com.wy.adbook.mvp.view.activity.RedEnvelopesForCodeActivity
ADDED from src/main/AndroidManifest.xml:110:9-112:55
	android:screenOrientation
		ADDED from src/main/AndroidManifest.xml:112:17-53
	android:name
		ADDED from src/main/AndroidManifest.xml:111:17-91
activity#com.wy.adbook.mvp.view.web.act.WebActivity
ADDED from src/main/AndroidManifest.xml:114:9-116:55
	android:screenOrientation
		ADDED from src/main/AndroidManifest.xml:116:17-53
	android:name
		ADDED from src/main/AndroidManifest.xml:115:17-74
activity#com.wy.adbook.mvp.view.activity.VipActivity
ADDED from src/main/AndroidManifest.xml:118:9-120:55
	android:screenOrientation
		ADDED from src/main/AndroidManifest.xml:120:17-53
	android:name
		ADDED from src/main/AndroidManifest.xml:119:17-75
activity#com.wy.adbook.mvp.view.activity.ReadFooterActivity
ADDED from src/main/AndroidManifest.xml:122:9-125:19
	android:screenOrientation
		ADDED from src/main/AndroidManifest.xml:124:17-53
	android:name
		ADDED from src/main/AndroidManifest.xml:123:17-82
activity#com.wy.adbook.mvp.view.activity.HelpCenterActivity
ADDED from src/main/AndroidManifest.xml:127:9-131:19
	android:screenOrientation
		ADDED from src/main/AndroidManifest.xml:129:17-53
	android:windowSoftInputMode
		ADDED from src/main/AndroidManifest.xml:130:17-59
	android:name
		ADDED from src/main/AndroidManifest.xml:128:17-82
meta-data#design_width_in_dp
ADDED from src/main/AndroidManifest.xml:137:9-139:38
	android:value
		ADDED from src/main/AndroidManifest.xml:139:17-36
	android:name
		ADDED from src/main/AndroidManifest.xml:138:17-50
meta-data#design_height_in_dp
ADDED from src/main/AndroidManifest.xml:140:9-142:38
	android:value
		ADDED from src/main/AndroidManifest.xml:142:17-36
	android:name
		ADDED from src/main/AndroidManifest.xml:141:17-51
meta-data#com.wy.adbook.app.manager.GlobalConfiguration
ADDED from src/main/AndroidManifest.xml:145:9-147:47
	android:value
		ADDED from src/main/AndroidManifest.xml:147:17-45
	android:name
		ADDED from src/main/AndroidManifest.xml:146:17-77
uses-sdk
INJECTED from src/main/AndroidManifest.xml reason: use-sdk injection requested
INJECTED from src/main/AndroidManifest.xml
INJECTED from src/main/AndroidManifest.xml
MERGED from [com.scwang.smartrefresh:SmartRefreshLayout:1.0.5.1] AndroidManifest.xml:7:5-9:41
MERGED from [com.scwang.smartrefresh:SmartRefreshLayout:1.0.5.1] AndroidManifest.xml:7:5-9:41
MERGED from [com.scwang.smartrefresh:SmartRefreshHeader:1.0.5.1] AndroidManifest.xml:7:5-9:41
MERGED from [com.scwang.smartrefresh:SmartRefreshHeader:1.0.5.1] AndroidManifest.xml:7:5-9:41
MERGED from [cn.smssdk:SMSSDK:3.3.2] AndroidManifest.xml:7:5-9:41
MERGED from [cn.smssdk:SMSSDK:3.3.2] AndroidManifest.xml:7:5-9:41
MERGED from [cn.smssdk:ShortMessageSDKGUI:3.3.2] AndroidManifest.xml:8:5-11:45
MERGED from [cn.smssdk:ShortMessageSDKGUI:3.3.2] AndroidManifest.xml:8:5-11:45
MERGED from [me.jessyan:arms:2.5.0] AndroidManifest.xml:7:5-9:41
MERGED from [me.jessyan:arms:2.5.0] AndroidManifest.xml:7:5-9:41
MERGED from [:viewlib] AndroidManifest.xml:7:5-9:41
MERGED from [:viewlib] AndroidManifest.xml:7:5-9:41
MERGED from [me.jessyan:arms-imageloader-glide:2.5.0] AndroidManifest.xml:7:5-9:41
MERGED from [me.jessyan:arms-imageloader-glide:2.5.0] AndroidManifest.xml:7:5-9:41
MERGED from [com.android.support:multidex:1.0.2] AndroidManifest.xml:20:5-43
MERGED from [com.android.support:multidex:1.0.2] AndroidManifest.xml:20:5-43
MERGED from [me.jessyan:autosize:1.1.1] AndroidManifest.xml:7:5-9:41
MERGED from [me.jessyan:autosize:1.1.1] AndroidManifest.xml:7:5-9:41
MERGED from [org.simple:androideventbus:1.0.5.1] AndroidManifest.xml:7:5-9:40
MERGED from [org.simple:androideventbus:1.0.5.1] AndroidManifest.xml:7:5-9:40
MERGED from [:utilslib] AndroidManifest.xml:7:5-9:41
MERGED from [:utilslib] AndroidManifest.xml:7:5-9:41
MERGED from [com.jaeger.statusbarutil:library:1.5.1] AndroidManifest.xml:7:5-9:41
MERGED from [com.jaeger.statusbarutil:library:1.5.1] AndroidManifest.xml:7:5-9:41
MERGED from [com.github.yalantis:ucrop:2.2.2-native] AndroidManifest.xml:7:5-9:41
MERGED from [com.github.yalantis:ucrop:2.2.2-native] AndroidManifest.xml:7:5-9:41
MERGED from [com.zhihu.android:matisse:0.4.3] AndroidManifest.xml:20:5-22:41
MERGED from [com.zhihu.android:matisse:0.4.3] AndroidManifest.xml:20:5-22:41
MERGED from [com.airbnb.android:lottie:2.5.4] AndroidManifest.xml:7:5-9:41
MERGED from [com.airbnb.android:lottie:2.5.4] AndroidManifest.xml:7:5-9:41
MERGED from [com.github.hackware1993:MagicIndicator:1.5.0] AndroidManifest.xml:8:5-10:41
MERGED from [com.github.hackware1993:MagicIndicator:1.5.0] AndroidManifest.xml:8:5-10:41
MERGED from [com.android.support:design:27.1.0] AndroidManifest.xml:20:5-44
MERGED from [com.android.support:design:27.1.0] AndroidManifest.xml:20:5-44
MERGED from [com.android.support:appcompat-v7:28.0.0] AndroidManifest.xml:20:5-44
MERGED from [com.android.support:appcompat-v7:28.0.0] AndroidManifest.xml:20:5-44
MERGED from [de.hdodenhof:circleimageview:2.2.0] AndroidManifest.xml:5:5-7:41
MERGED from [de.hdodenhof:circleimageview:2.2.0] AndroidManifest.xml:5:5-7:41
MERGED from [com.loopeer.lib:shadow:0.0.4-beta3] AndroidManifest.xml:7:5-9:41
MERGED from [com.loopeer.lib:shadow:0.0.4-beta3] AndroidManifest.xml:7:5-9:41
MERGED from [com.github.GrenderG:Toasty:1.3.0] AndroidManifest.xml:7:5-9:41
MERGED from [com.github.GrenderG:Toasty:1.3.0] AndroidManifest.xml:7:5-9:41
MERGED from [com.github.CymChad:BaseRecyclerViewAdapterHelper:2.9.30] AndroidManifest.xml:7:5-9:41
MERGED from [com.github.CymChad:BaseRecyclerViewAdapterHelper:2.9.30] AndroidManifest.xml:7:5-9:41
MERGED from [jp.wasabeef:glide-transformations:4.0.1] AndroidManifest.xml:5:5-7:41
MERGED from [jp.wasabeef:glide-transformations:4.0.1] AndroidManifest.xml:5:5-7:41
MERGED from [top.zibin:Luban:1.1.8] AndroidManifest.xml:7:5-9:41
MERGED from [top.zibin:Luban:1.1.8] AndroidManifest.xml:7:5-9:41
MERGED from [com.android.support:cardview-v7:28.0.0] AndroidManifest.xml:20:5-44
MERGED from [com.android.support:cardview-v7:28.0.0] AndroidManifest.xml:20:5-44
MERGED from [com.github.chrisbanes.photoview:library:1.2.3] AndroidManifest.xml:2:5-72
MERGED from [com.github.chrisbanes.photoview:library:1.2.3] AndroidManifest.xml:2:5-72
MERGED from [com.tencent.bugly:crashreport:2.8.6] AndroidManifest.xml:5:5-7:41
MERGED from [com.tencent.bugly:crashreport:2.8.6] AndroidManifest.xml:5:5-7:41
MERGED from [com.tencent.bugly:nativecrashreport:3.6.0.1] AndroidManifest.xml:5:5-7:41
MERGED from [com.tencent.bugly:nativecrashreport:3.6.0.1] AndroidManifest.xml:5:5-7:41
MERGED from [com.github.ittianyu:BottomNavigationViewEx:1.2.4] AndroidManifest.xml:7:5-9:41
MERGED from [com.github.ittianyu:BottomNavigationViewEx:1.2.4] AndroidManifest.xml:7:5-9:41
MERGED from [com.github.anzaizai:EasySwipeMenuLayout:1.1.2] AndroidManifest.xml:7:5-9:41
MERGED from [com.github.anzaizai:EasySwipeMenuLayout:1.1.2] AndroidManifest.xml:7:5-9:41
MERGED from [com.bigkoo:svprogresshud:1.0.6] AndroidManifest.xml:7:5-9:41
MERGED from [com.bigkoo:svprogresshud:1.0.6] AndroidManifest.xml:7:5-9:41
MERGED from [me.imid.swipebacklayout.lib:library:1.1.0] AndroidManifest.xml:9:5-11:41
MERGED from [me.imid.swipebacklayout.lib:library:1.1.0] AndroidManifest.xml:9:5-11:41
MERGED from [me.jessyan:retrofit-url-manager:1.4.0] AndroidManifest.xml:7:5-9:41
MERGED from [me.jessyan:retrofit-url-manager:1.4.0] AndroidManifest.xml:7:5-9:41
MERGED from [me.jessyan:progressmanager:1.5.0] AndroidManifest.xml:7:5-9:41
MERGED from [me.jessyan:progressmanager:1.5.0] AndroidManifest.xml:7:5-9:41
MERGED from [cn.bingoogolapple:bga-banner:2.2.6] AndroidManifest.xml:5:5-7:41
MERGED from [cn.bingoogolapple:bga-banner:2.2.6] AndroidManifest.xml:5:5-7:41
MERGED from [com.squareup.leakcanary:leakcanary-android-no-op:1.5.4] AndroidManifest.xml:20:5-44
MERGED from [com.squareup.leakcanary:leakcanary-android-no-op:1.5.4] AndroidManifest.xml:20:5-44
MERGED from [com.android.support:support-v4:28.0.0] AndroidManifest.xml:20:5-44
MERGED from [com.android.support:support-v4:28.0.0] AndroidManifest.xml:20:5-44
MERGED from [com.android.support:recyclerview-v7:28.0.0] AndroidManifest.xml:20:5-44
MERGED from [com.android.support:recyclerview-v7:28.0.0] AndroidManifest.xml:20:5-44